2026-05-29T11:05:06.899Z | [32minfo[39m: 	Starting Nest application...
2026-05-29T11:05:06.913Z | [32minfo[39m: 	MongooseModule dependencies initialized
2026-05-29T11:05:06.913Z | [32minfo[39m: 	WinstonLoggerModule dependencies initialized
2026-05-29T11:05:06.914Z | [32minfo[39m: 	ConfigHostModule dependencies initialized
2026-05-29T11:05:06.914Z | [32minfo[39m: 	DiscoveryModule dependencies initialized
2026-05-29T11:05:06.914Z | [32minfo[39m: 	DatabaseModule dependencies initialized
2026-05-29T11:05:06.918Z | [32minfo[39m: 	ConfigModule dependencies initialized
2026-05-29T11:05:06.919Z | [32minfo[39m: 	ConfigModule dependencies initialized
2026-05-29T11:05:06.919Z | [32minfo[39m: 	EventEmitterModule dependencies initialized
2026-05-29T11:05:06.919Z | [32minfo[39m: 	ScheduleModule dependencies initialized
2026-05-29T11:05:06.931Z | [32minfo[39m: 	S3Module dependencies initialized
2026-05-29T11:05:06.932Z | [32minfo[39m: 	JwtModule dependencies initialized
2026-05-29T11:05:06.932Z | [32minfo[39m: 	UploadsModule dependencies initialized
2026-05-29T11:05:06.932Z | [32minfo[39m: 	AppModule dependencies initialized
2026-05-29T11:05:06.946Z | [32minfo[39m: 	I18nModule dependencies initialized
2026-05-29T11:05:06.976Z | [32minfo[39m: 	MongooseCoreModule dependencies initialized
2026-05-29T11:05:06.976Z | [32minfo[39m: 	MongooseModule dependencies initialized
2026-05-29T11:05:06.977Z | [32minfo[39m: 	MongooseModule dependencies initialized
2026-05-29T11:05:06.977Z | [32minfo[39m: 	MongooseModule dependencies initialized
2026-05-29T11:05:06.977Z | [32minfo[39m: 	MongooseModule dependencies initialized
2026-05-29T11:05:06.977Z | [32minfo[39m: 	MongooseModule dependencies initialized
2026-05-29T11:05:06.977Z | [32minfo[39m: 	MongooseModule dependencies initialized
2026-05-29T11:05:06.977Z | [32minfo[39m: 	MongooseModule dependencies initialized
2026-05-29T11:05:06.977Z | [32minfo[39m: 	MongooseModule dependencies initialized
2026-05-29T11:05:06.977Z | [32minfo[39m: 	MongooseModule dependencies initialized
2026-05-29T11:05:06.977Z | [32minfo[39m: 	MongooseModule dependencies initialized
2026-05-29T11:05:06.977Z | [32minfo[39m: 	MongooseModule dependencies initialized
2026-05-29T11:05:06.977Z | [32minfo[39m: 	WebSocketModule dependencies initialized
2026-05-29T11:05:06.977Z | [32minfo[39m: 	QueuesModule dependencies initialized
2026-05-29T11:05:06.978Z | [32minfo[39m: 	UsersModule dependencies initialized
2026-05-29T11:05:06.978Z | [32minfo[39m: 	CouplesModule dependencies initialized
2026-05-29T11:05:06.978Z | [32minfo[39m: 	QuestionsModule dependencies initialized
2026-05-29T11:05:06.978Z | [32minfo[39m: 	AnswersModule dependencies initialized
2026-05-29T11:05:06.978Z | [32minfo[39m: 	MoodsModule dependencies initialized
2026-05-29T11:05:06.978Z | [32minfo[39m: 	StreaksModule dependencies initialized
2026-05-29T11:05:06.978Z | [32minfo[39m: 	AuthModule dependencies initialized
2026-05-29T11:05:06.978Z | [32minfo[39m: 	MemoriesModule dependencies initialized
2026-05-29T11:05:06.978Z | [32minfo[39m: 	NotificationsModule dependencies initialized
2026-05-29T11:05:07.191Z | [32minfo[39m: 	WebSocket gateway initialized
2026-05-29T11:05:07.191Z | [32minfo[39m: 	PingGateway subscribed to the "ping:hello" message
2026-05-29T11:05:07.194Z | [33mwarn[39m: 	Unsupported route path: "/api/*". In previous versions, the symbols ?, *, and + were used to denote optional or repeating path parameters. The latest version of "path-to-regexp" now requires the use of named parameters. For example, instead of using a route like /users/* to capture all routes starting with "/users", you should use /users/*path. For more details, refer to the migration guide. Attempting to auto-convert...
2026-05-29T11:05:07.194Z | [32minfo[39m: 	AppController {/api}:
2026-05-29T11:05:07.195Z | [32minfo[39m: 	Mapped {/api, GET} route
2026-05-29T11:05:07.195Z | [32minfo[39m: 	AuthController {/api/v1/auth}:
2026-05-29T11:05:07.196Z | [32minfo[39m: 	Mapped {/api/v1/auth/register, POST} route
2026-05-29T11:05:07.196Z | [32minfo[39m: 	Mapped {/api/v1/auth/verify-otp, POST} route
2026-05-29T11:05:07.196Z | [32minfo[39m: 	Mapped {/api/v1/auth/resend-otp, POST} route
2026-05-29T11:05:07.197Z | [32minfo[39m: 	Mapped {/api/v1/auth/login, POST} route
2026-05-29T11:05:07.197Z | [32minfo[39m: 	Mapped {/api/v1/auth/refresh, POST} route
2026-05-29T11:05:07.197Z | [32minfo[39m: 	Mapped {/api/v1/auth/forgot-password, POST} route
2026-05-29T11:05:07.197Z | [32minfo[39m: 	Mapped {/api/v1/auth/verify-reset-otp, POST} route
2026-05-29T11:05:07.197Z | [32minfo[39m: 	Mapped {/api/v1/auth/reset-password, POST} route
2026-05-29T11:05:07.198Z | [32minfo[39m: 	Mapped {/api/v1/auth/logout, POST} route
2026-05-29T11:05:07.198Z | [32minfo[39m: 	Mapped {/api/v1/auth/request-delete, POST} route
2026-05-29T11:05:07.198Z | [32minfo[39m: 	Mapped {/api/v1/auth/account, DELETE} route
2026-05-29T11:05:07.198Z | [32minfo[39m: 	UsersController {/api/v1/users}:
2026-05-29T11:05:07.198Z | [32minfo[39m: 	Mapped {/api/v1/users/me, GET} route
2026-05-29T11:05:07.198Z | [32minfo[39m: 	Mapped {/api/v1/users/me, PATCH} route
2026-05-29T11:05:07.198Z | [32minfo[39m: 	Mapped {/api/v1/users/partner, GET} route
2026-05-29T11:05:07.198Z | [32minfo[39m: 	CouplesController {/api/v1/couples}:
2026-05-29T11:05:07.199Z | [32minfo[39m: 	Mapped {/api/v1/couples/invite, POST} route
2026-05-29T11:05:07.199Z | [32minfo[39m: 	Mapped {/api/v1/couples/join, POST} route
2026-05-29T11:05:07.199Z | [32minfo[39m: 	Mapped {/api/v1/couples/me, GET} route
2026-05-29T11:05:07.199Z | [32minfo[39m: 	Mapped {/api/v1/couples/anniversary, PATCH} route
2026-05-29T11:05:07.199Z | [32minfo[39m: 	Mapped {/api/v1/couples/unlink, DELETE} route
2026-05-29T11:05:07.199Z | [32minfo[39m: 	QuestionsController {/api/v1/questions}:
2026-05-29T11:05:07.199Z | [32minfo[39m: 	Mapped {/api/v1/questions/today, GET} route
2026-05-29T11:05:07.199Z | [32minfo[39m: 	Mapped {/api/v1/questions, POST} route
2026-05-29T11:05:07.199Z | [32minfo[39m: 	Mapped {/api/v1/questions, GET} route
2026-05-29T11:05:07.200Z | [32minfo[39m: 	AnswersController {/api/v1/answers}:
2026-05-29T11:05:07.200Z | [32minfo[39m: 	Mapped {/api/v1/answers, POST} route
2026-05-29T11:05:07.200Z | [32minfo[39m: 	Mapped {/api/v1/answers/today, GET} route
2026-05-29T11:05:07.200Z | [32minfo[39m: 	Mapped {/api/v1/answers/history, GET} route
2026-05-29T11:05:07.200Z | [32minfo[39m: 	MoodsController {/api/v1/moods}:
2026-05-29T11:05:07.200Z | [32minfo[39m: 	Mapped {/api/v1/moods, POST} route
2026-05-29T11:05:07.200Z | [32minfo[39m: 	Mapped {/api/v1/moods/latest, GET} route
2026-05-29T11:05:07.200Z | [32minfo[39m: 	Mapped {/api/v1/moods/history, GET} route
2026-05-29T11:05:07.200Z | [32minfo[39m: 	MemoriesController {/api/v1/memories}:
2026-05-29T11:05:07.200Z | [32minfo[39m: 	Mapped {/api/v1/memories/presigned, POST} route
2026-05-29T11:05:07.200Z | [32minfo[39m: 	Mapped {/api/v1/memories, POST} route
2026-05-29T11:05:07.200Z | [32minfo[39m: 	Mapped {/api/v1/memories, GET} route
2026-05-29T11:05:07.201Z | [32minfo[39m: 	Mapped {/api/v1/memories/monthly-recap, GET} route
2026-05-29T11:05:07.201Z | [32minfo[39m: 	Mapped {/api/v1/memories/:id, DELETE} route
2026-05-29T11:05:07.201Z | [32minfo[39m: 	StreaksController {/api/v1/streaks}:
2026-05-29T11:05:07.201Z | [32minfo[39m: 	Mapped {/api/v1/streaks, GET} route
2026-05-29T11:05:07.201Z | [32minfo[39m: 	Mapped {/api/v1/streaks/recover, POST} route
2026-05-29T11:05:07.201Z | [32minfo[39m: 	NotificationsController {/api/v1/notifications}:
2026-05-29T11:05:07.201Z | [32minfo[39m: 	Mapped {/api/v1/notifications, GET} route
2026-05-29T11:05:07.201Z | [32minfo[39m: 	Mapped {/api/v1/notifications/:id/read, PATCH} route
2026-05-29T11:05:07.202Z | [32minfo[39m: 	Mapped {/api/v1/notifications/read-all, PATCH} route
2026-05-29T11:05:07.202Z | [32minfo[39m: 	UploadsController {/api/v1/uploads}:
2026-05-29T11:05:07.202Z | [32minfo[39m: 	Mapped {/api/v1/uploads/presigned, POST} route
2026-05-29T11:05:07.369Z | [32minfo[39m: 	Nest application successfully started
2026-05-29T11:05:07.371Z | [32minfo[39m: 	Server listening on port 3000
2026-05-29T11:13:31.656Z | [32minfo[39m: 	Starting Nest application...
2026-05-29T11:13:31.670Z | [32minfo[39m: 	MongooseModule dependencies initialized
2026-05-29T11:13:31.670Z | [32minfo[39m: 	WinstonLoggerModule dependencies initialized
2026-05-29T11:13:31.671Z | [32minfo[39m: 	ConfigHostModule dependencies initialized
2026-05-29T11:13:31.671Z | [32minfo[39m: 	DiscoveryModule dependencies initialized
2026-05-29T11:13:31.671Z | [32minfo[39m: 	DatabaseModule dependencies initialized
2026-05-29T11:13:31.675Z | [32minfo[39m: 	ConfigModule dependencies initialized
2026-05-29T11:13:31.675Z | [32minfo[39m: 	ConfigModule dependencies initialized
2026-05-29T11:13:31.676Z | [32minfo[39m: 	EventEmitterModule dependencies initialized
2026-05-29T11:13:31.676Z | [32minfo[39m: 	ScheduleModule dependencies initialized
2026-05-29T11:13:31.688Z | [32minfo[39m: 	S3Module dependencies initialized
2026-05-29T11:13:31.689Z | [32minfo[39m: 	JwtModule dependencies initialized
2026-05-29T11:13:31.689Z | [32minfo[39m: 	UploadsModule dependencies initialized
2026-05-29T11:13:31.689Z | [32minfo[39m: 	AppModule dependencies initialized
2026-05-29T11:13:31.707Z | [32minfo[39m: 	MongooseCoreModule dependencies initialized
2026-05-29T11:13:31.707Z | [32minfo[39m: 	MongooseModule dependencies initialized
2026-05-29T11:13:31.707Z | [32minfo[39m: 	MongooseModule dependencies initialized
2026-05-29T11:13:31.707Z | [32minfo[39m: 	MongooseModule dependencies initialized
2026-05-29T11:13:31.707Z | [32minfo[39m: 	MongooseModule dependencies initialized
2026-05-29T11:13:31.707Z | [32minfo[39m: 	MongooseModule dependencies initialized
2026-05-29T11:13:31.707Z | [32minfo[39m: 	MongooseModule dependencies initialized
2026-05-29T11:13:31.707Z | [32minfo[39m: 	MongooseModule dependencies initialized
2026-05-29T11:13:31.707Z | [32minfo[39m: 	MongooseModule dependencies initialized
2026-05-29T11:13:31.707Z | [32minfo[39m: 	MongooseModule dependencies initialized
2026-05-29T11:13:31.707Z | [32minfo[39m: 	MongooseModule dependencies initialized
2026-05-29T11:13:31.707Z | [32minfo[39m: 	MongooseModule dependencies initialized
2026-05-29T11:13:31.708Z | [32minfo[39m: 	WebSocketModule dependencies initialized
2026-05-29T11:13:31.708Z | [32minfo[39m: 	QueuesModule dependencies initialized
2026-05-29T11:13:31.708Z | [32minfo[39m: 	UsersModule dependencies initialized
2026-05-29T11:13:31.708Z | [32minfo[39m: 	CouplesModule dependencies initialized
2026-05-29T11:13:31.708Z | [32minfo[39m: 	QuestionsModule dependencies initialized
2026-05-29T11:13:31.708Z | [32minfo[39m: 	AnswersModule dependencies initialized
2026-05-29T11:13:31.708Z | [32minfo[39m: 	MoodsModule dependencies initialized
2026-05-29T11:13:31.708Z | [32minfo[39m: 	StreaksModule dependencies initialized
2026-05-29T11:13:31.709Z | [32minfo[39m: 	AuthModule dependencies initialized
2026-05-29T11:13:31.709Z | [32minfo[39m: 	MemoriesModule dependencies initialized
2026-05-29T11:13:31.709Z | [32minfo[39m: 	NotificationsModule dependencies initialized
2026-05-29T11:13:31.729Z | [32minfo[39m: 	I18nModule dependencies initialized
2026-05-29T11:13:31.860Z | [32minfo[39m: 	WebSocket gateway initialized
2026-05-29T11:13:31.860Z | [32minfo[39m: 	PingGateway subscribed to the "ping:hello" message
2026-05-29T11:13:31.863Z | [33mwarn[39m: 	Unsupported route path: "/api/*". In previous versions, the symbols ?, *, and + were used to denote optional or repeating path parameters. The latest version of "path-to-regexp" now requires the use of named parameters. For example, instead of using a route like /users/* to capture all routes starting with "/users", you should use /users/*path. For more details, refer to the migration guide. Attempting to auto-convert...
2026-05-29T11:13:31.863Z | [32minfo[39m: 	AppController {/api}:
2026-05-29T11:13:31.864Z | [32minfo[39m: 	Mapped {/api, GET} route
2026-05-29T11:13:31.864Z | [32minfo[39m: 	AuthController {/api/v1/auth}:
2026-05-29T11:13:31.865Z | [32minfo[39m: 	Mapped {/api/v1/auth/register, POST} route
2026-05-29T11:13:31.865Z | [32minfo[39m: 	Mapped {/api/v1/auth/verify-otp, POST} route
2026-05-29T11:13:31.865Z | [32minfo[39m: 	Mapped {/api/v1/auth/resend-otp, POST} route
2026-05-29T11:13:31.866Z | [32minfo[39m: 	Mapped {/api/v1/auth/login, POST} route
2026-05-29T11:13:31.866Z | [32minfo[39m: 	Mapped {/api/v1/auth/refresh, POST} route
2026-05-29T11:13:31.866Z | [32minfo[39m: 	Mapped {/api/v1/auth/forgot-password, POST} route
2026-05-29T11:13:31.866Z | [32minfo[39m: 	Mapped {/api/v1/auth/verify-reset-otp, POST} route
2026-05-29T11:13:31.866Z | [32minfo[39m: 	Mapped {/api/v1/auth/reset-password, POST} route
2026-05-29T11:13:31.867Z | [32minfo[39m: 	Mapped {/api/v1/auth/logout, POST} route
2026-05-29T11:13:31.867Z | [32minfo[39m: 	Mapped {/api/v1/auth/request-delete, POST} route
2026-05-29T11:13:31.867Z | [32minfo[39m: 	Mapped {/api/v1/auth/account, DELETE} route
2026-05-29T11:13:31.867Z | [32minfo[39m: 	UsersController {/api/v1/users}:
2026-05-29T11:13:31.867Z | [32minfo[39m: 	Mapped {/api/v1/users/me, GET} route
2026-05-29T11:13:31.867Z | [32minfo[39m: 	Mapped {/api/v1/users/me, PATCH} route
2026-05-29T11:13:31.867Z | [32minfo[39m: 	Mapped {/api/v1/users/partner, GET} route
2026-05-29T11:13:31.867Z | [32minfo[39m: 	CouplesController {/api/v1/couples}:
2026-05-29T11:13:31.868Z | [32minfo[39m: 	Mapped {/api/v1/couples/invite, POST} route
2026-05-29T11:13:31.868Z | [32minfo[39m: 	Mapped {/api/v1/couples/join, POST} route
2026-05-29T11:13:31.868Z | [32minfo[39m: 	Mapped {/api/v1/couples/me, GET} route
2026-05-29T11:13:31.868Z | [32minfo[39m: 	Mapped {/api/v1/couples/anniversary, PATCH} route
2026-05-29T11:13:31.868Z | [32minfo[39m: 	Mapped {/api/v1/couples/unlink, DELETE} route
2026-05-29T11:13:31.868Z | [32minfo[39m: 	QuestionsController {/api/v1/questions}:
2026-05-29T11:13:31.868Z | [32minfo[39m: 	Mapped {/api/v1/questions/today, GET} route
2026-05-29T11:13:31.868Z | [32minfo[39m: 	Mapped {/api/v1/questions, POST} route
2026-05-29T11:13:31.868Z | [32minfo[39m: 	Mapped {/api/v1/questions, GET} route
2026-05-29T11:13:31.868Z | [32minfo[39m: 	AnswersController {/api/v1/answers}:
2026-05-29T11:13:31.868Z | [32minfo[39m: 	Mapped {/api/v1/answers, POST} route
2026-05-29T11:13:31.869Z | [32minfo[39m: 	Mapped {/api/v1/answers/today, GET} route
2026-05-29T11:13:31.869Z | [32minfo[39m: 	Mapped {/api/v1/answers/history, GET} route
2026-05-29T11:13:31.869Z | [32minfo[39m: 	MoodsController {/api/v1/moods}:
2026-05-29T11:13:31.869Z | [32minfo[39m: 	Mapped {/api/v1/moods, POST} route
2026-05-29T11:13:31.869Z | [32minfo[39m: 	Mapped {/api/v1/moods/latest, GET} route
2026-05-29T11:13:31.869Z | [32minfo[39m: 	Mapped {/api/v1/moods/history, GET} route
2026-05-29T11:13:31.869Z | [32minfo[39m: 	MemoriesController {/api/v1/memories}:
2026-05-29T11:13:31.869Z | [32minfo[39m: 	Mapped {/api/v1/memories/presigned, POST} route
2026-05-29T11:13:31.869Z | [32minfo[39m: 	Mapped {/api/v1/memories, POST} route
2026-05-29T11:13:31.869Z | [32minfo[39m: 	Mapped {/api/v1/memories, GET} route
2026-05-29T11:13:31.869Z | [32minfo[39m: 	Mapped {/api/v1/memories/monthly-recap, GET} route
2026-05-29T11:13:31.869Z | [32minfo[39m: 	Mapped {/api/v1/memories/:id, DELETE} route
2026-05-29T11:13:31.870Z | [32minfo[39m: 	StreaksController {/api/v1/streaks}:
2026-05-29T11:13:31.870Z | [32minfo[39m: 	Mapped {/api/v1/streaks, GET} route
2026-05-29T11:13:31.870Z | [32minfo[39m: 	Mapped {/api/v1/streaks/recover, POST} route
2026-05-29T11:13:31.870Z | [32minfo[39m: 	NotificationsController {/api/v1/notifications}:
2026-05-29T11:13:31.870Z | [32minfo[39m: 	Mapped {/api/v1/notifications, GET} route
2026-05-29T11:13:31.870Z | [32minfo[39m: 	Mapped {/api/v1/notifications/:id/read, PATCH} route
2026-05-29T11:13:31.870Z | [32minfo[39m: 	Mapped {/api/v1/notifications/read-all, PATCH} route
2026-05-29T11:13:31.870Z | [32minfo[39m: 	UploadsController {/api/v1/uploads}:
2026-05-29T11:13:31.870Z | [32minfo[39m: 	Mapped {/api/v1/uploads/presigned, POST} route
2026-05-29T11:13:31.906Z | [32minfo[39m: 	Nest application successfully started
2026-05-29T11:13:31.907Z | [32minfo[39m: 	Server listening on port 3000
